
--------------------------------------------------------------------------------------------------
                              Summary of System "new pDynamo system"
--------------------------------------------------------------------------------------------------
---------------------------------------------- Atoms ---------------------------------------------
Atoms                       =                 10  Heavy Atoms                 =                  3
Hydrogens                   =                  7
------------------------------------------ Connectivity ------------------------------------------
Angles                      =                  0  Atoms                       =                 10
Bonds                       =                  0  Dihedrals                   =                  0
Isolates                    =                 10  Ring Sets                   =                  0
---------------------------------------- Electronic State ----------------------------------------
Electronic Charge           =                  0  Is Spin Restricted          =               True
Occupancy Type              =           Cardinal  Spin Multiplicity           =                  1
------------------------------------------ MNDO QC Model -----------------------------------------
Alpha Charge                =             12.000  Beta Charge                 =             12.000
Energy Base Line            =             34.554  Exchange Scaling            =              1.000
Hamiltonian                 =                am1  MNDO Parameter Entries      =                  3
Number of Boundary Atoms    =                  0  Number of QC Atoms          =                 10
Orbital Basis Functions     =                 19  Orthogonalization Method    =          Symmetric
Relative Link Atom Distance =               True  SCF Converger               = DIIS SCF Converger
--------------------------------------------------------------------------------------------------

Start Time: Thu Aug 31 00:02:32 2023

CPU Time: 14.864s

Stop Time: Thu Aug 31 00:02:47 2023
--------------------------
TYPE                         EasyHybrid-SCAN2D                                  
--------------------------------------------------------------------------------

----------------------- Coordinate 1 - Simple-Distance -------------------------
ATOM1                  =              0  ATOM NAME1             =             O0
ATOM2                  =              3  ATOM NAME2             =             N3
NUMBER OF STEPS        =              5  FORCE CONSTANT         =           4000
DMINIMUM               =        4.20873  MAX INTERACTIONS       =            600
STEP SIZE              =      0.1000000  RMS GRAD               =      0.1000000
--------------------------------------------------------------------------------

---------------------- Coordinate 2 - multiple-Distance ------------------------
ATOM1                  =              7  ATOM NAME1             =             O7
ATOM2*                 =              9  ATOM NAME2             =             H9
ATOM3                  =              3  ATOM NAME3             =             N3
NUMBER OF STEPS        =             10  FORCE CONSTANT         =           4000
DMINIMUM               =       -0.71314  MAX INTERACTIONS       =            600
STEP SIZE              =      0.1000000  RMS GRAD               =      0.1000000
Sigma atom1 - atom3    =        0.53320  Sigma atom3 - atom1    =       -0.46680
--------------------------------------------------------------------------------

--------------------------------------------------------------------------------
   Frame i  /  j        RCOORD-1             RCOORD-2                Energy     
--------------------------------------------------------------------------------
DATA     0     0     4.208426682739       -1.664877999405       -562.782497878147
DATA     0     1     4.208600752213       -1.455323603886       -561.923917995111
DATA     0     2     4.208722023104       -1.244812452960       -559.561137607498
DATA     0     3     4.208725508051       -1.035281371612       -556.171345713282
DATA     0     4     4.208756104531       -0.838663374513       -549.571394158931
DATA     0     5     4.208741002102       -0.655386852574       -534.907108569512
DATA     0     6     4.208710621187       -0.474023308804       -510.108254177458
DATA     0     7     4.208696220698       -0.286784842479       -476.826943205307
DATA     0     8     4.208698943044       -0.091954047705       -438.625546952932
DATA     0     9     4.208742056762       0.107929298027       -399.019411298158
DATA     1     0     4.308626611970       -1.664572557685       -562.705300868539
DATA     1     1     4.308642637823       -1.455240333953       -561.858530928981
DATA     1     2     4.308735844715       -1.244828492321       -559.537810721387
DATA     1     3     4.308778173940       -1.035001698011       -556.181720953910
DATA     1     4     4.308750246698       -0.838716295373       -549.601424511533
DATA     1     5     4.308783817206       -0.655412074193       -534.934006271207
DATA     1     6     4.308768388595       -0.474045803392       -510.131027126042
DATA     1     7     4.308579963771       -0.286319660981       -478.239677716818
DATA     1     8     4.308564292305       -0.091261150087       -440.225951147415
DATA     1     9     4.308485477722       0.108721786672       -400.874167991232
DATA     2     0     4.408685953369       -1.664532515594       -562.654096031421
DATA     2     1     4.408687350958       -1.455254920090       -561.829493931196
DATA     2     2     4.408758048032       -1.244569564865       -559.539126429870
DATA     2     3     4.408783545460       -1.035145236951       -556.208272120965
DATA     2     4     4.408780395083       -0.838620990293       -549.647641692992
DATA     2     5     4.408787098083       -0.655454874948       -534.984791913647
DATA     2     6     4.408588604184       -0.473753486358       -511.282246253891
DATA     2     7     4.408568033219       -0.286318582121       -478.124824733415
DATA     2     8     4.408598131467       -0.091389478049       -440.104337550903
DATA     2     9     4.408613022067       0.108686808768       -400.733564717839
DATA     3     0     4.508708366711       -1.664524676922       -562.627526068488
DATA     3     1     4.508729377171       -1.455062095490       -561.817774601203
DATA     3     2     4.508761420362       -1.244498775616       -559.548779001090
DATA     3     3     4.508784163048       -1.034976259569       -556.241360478468
DATA     3     4     4.508792718076       -0.838481833228       -549.700720375515
DATA     3     5     4.508822415711       -0.655422984339       -535.048035814159
DATA     3     6     4.508654339809       -0.473680445800       -511.194536209564
DATA     3     7     4.508619426695       -0.286263367056       -478.029654754518
DATA     3     8     4.508632277437       -0.091291035963       -440.008927355742
DATA     3     9     4.508641398923       0.108713153148       -400.642967893582
DATA     4     0     4.608713954320       -1.664467760759       -562.611896576789
DATA     4     1     4.608722487278       -1.454943390217       -561.812640802223
DATA     4     2     4.608743699672       -1.244460861443       -559.561023138347
DATA     4     3     4.608779896011       -1.034922787093       -556.274792595172
DATA     4     4     4.608811178736       -0.838627309866       -549.754638436212
DATA     4     5     4.608798269467       -0.655351576976       -535.116534482442
DATA     4     6     4.608611143456       -0.473770915102       -511.108586646772
DATA     4     7     4.608654205254       -0.286311051141       -477.939125113421
DATA     4     8     4.608594219609       -0.091338966780       -439.920034207223
DATA     4     9     4.608644945896       0.108736899899       -400.564599344146