
--------------------------------------------------------------------------------------------------
                              Summary of System "new pDynamo system"
--------------------------------------------------------------------------------------------------
---------------------------------------------- Atoms ---------------------------------------------
Atoms                       =                 10  Heavy Atoms                 =                  3
Hydrogens                   =                  7
------------------------------------------ Connectivity ------------------------------------------
Angles                      =                  0  Atoms                       =                 10
Bonds                       =                  0  Dihedrals                   =                  0
Isolates                    =                 10  Ring Sets                   =                  0
---------------------------------------- Electronic State ----------------------------------------
Electronic Charge           =                  0  Is Spin Restricted          =               True
Occupancy Type              =           Cardinal  Spin Multiplicity           =                  1
------------------------------------------ MNDO QC Model -----------------------------------------
Alpha Charge                =             12.000  Beta Charge                 =             12.000
Energy Base Line            =             34.554  Exchange Scaling            =              1.000
Hamiltonian                 =                am1  MNDO Parameter Entries      =                  3
Number of Boundary Atoms    =                  0  Number of QC Atoms          =                 10
Orbital Basis Functions     =                 19  Orthogonalization Method    =          Symmetric
Relative Link Atom Distance =               True  SCF Converger               = DIIS SCF Converger
--------------------------------------------------------------------------------------------------

Start Time: Wed Aug 30 23:58:21 2023

CPU Time: 3.961s

Stop Time: Wed Aug 30 23:58:25 2023
---------------------------
TYPE                          EasyHybrid-SCAN                                   
--------------------------------------------------------------------------------

---------------------- Coordinate 1 - multiple-Distance ------------------------
ATOM1                  =              7  ATOM NAME1             =             O7
ATOM2*                 =              9  ATOM NAME2             =             H9
ATOM3                  =              3  ATOM NAME3             =             N3
NUMBER OF STEPS        =             10  FORCE CONSTANT         =           4000
DMINIMUM               =       -0.71314  MAX INTERACTIONS       =            600
STEP SIZE              =      0.1000000  RMS GRAD               =      0.1000000
Sigma atom1 - atom3    =        0.53320  Sigma atom3 - atom1    =       -0.46680
--------------------------------------------------------------------------------

--------------------------------------------------------------------------------
           Frame     dist-ATOM1-ATOM2      dist-ATOM2-ATOM3         Energy        
--------------------------------------------------------------------------------  
DATA         0       0.962496747438        2.627874938487        -571.838088233084
DATA         1       0.966167864588        2.422824382804        -570.630898905957
DATA         2       0.970048965673        2.215643187387        -567.865023859730
DATA         3       0.975764185441        2.008956746914        -564.925527682191
DATA         4       0.994637435205        1.832309450018        -558.872106669969
DATA         5       1.027772720810        1.681394216671        -544.792498838981
DATA         6       1.074343311240        1.545422218033        -520.992469905541
DATA         7       1.135867782022        1.418199788813        -489.227806425611
DATA         8       1.216724572643        1.302617708765        -453.164605266577
DATA         9       1.323150707860        1.207082152343        -416.501429732432